<?xml version="1.0" encoding="UTF-8"?>
<!-- Generated by org.testng.reporters.JUnitReportReporter -->
<testsuite skipped="0" hostname="ip-172-31-32-197" name="com.webapp.amazon.AmazonNavLinksTest" tests="2" failures="0" timestamp="2021-10-30T15:24:11 UTC" time="17.523" errors="0">
  <testcase name="testMobileNavLink" time="8.906" classname="com.webapp.amazon.AmazonNavLinksTest"/>
  <system-out/>
  <testcase name="testFashionNavLink" time="8.617" classname="com.webapp.amazon.AmazonNavLinksTest"/>
  <system-out/>
</testsuite> <!-- com.webapp.amazon.AmazonNavLinksTest -->
