<?xml version="1.0" encoding="UTF-8"?>
<!-- Generated by org.testng.reporters.JUnitReportReporter -->
<testsuite skipped="0" hostname="ip-172-31-32-197" name="com.webapp.facebook.FacebookLoginTest" tests="1" failures="0" timestamp="2021-10-30T17:03:13 UTC" time="21.430" errors="0">
  <testcase name="testForFaiure" time="21.430" classname="com.webapp.facebook.FacebookLoginTest"/>
  <system-out/>
</testsuite> <!-- com.webapp.facebook.FacebookLoginTest -->
