<?xml version="1.0" encoding="UTF-8"?>
<!-- Generated by org.testng.reporters.JUnitReportReporter -->
<testsuite skipped="0" hostname="ip-172-31-32-197" name="com.webapp.test.StandardAnnotationTest" tests="3" failures="0" timestamp="2021-10-30T15:02:11 UTC" time="0.012" errors="0">
  <testcase name="testOne" time="0.007" classname="com.webapp.test.StandardAnnotationTest"/>
  <system-out/>
  <testcase name="testTwo" time="0.002" classname="com.webapp.test.StandardAnnotationTest"/>
  <system-out/>
  <testcase name="testThree" time="0.003" classname="com.webapp.test.StandardAnnotationTest"/>
  <system-out/>
</testsuite> <!-- com.webapp.test.StandardAnnotationTest -->
