<?xml version="1.0" encoding="UTF-8"?>
<!-- Generated by org.testng.reporters.JUnitReportReporter -->
<testsuite skipped="0" hostname="ip-172-31-32-197" name="com.webapp.group.BrowserGroupTest" tests="8" failures="0" timestamp="2021-10-30T17:03:13 UTC" time="27.662" errors="0">
  <testcase name="lauchFirefoxTest" time="4.677" classname="com.webapp.group.BrowserGroupTest"/>
  <system-out/>
  <testcase name="testHompageTitle" time="0.021" classname="com.webapp.group.BrowserGroupTest"/>
  <system-out/>
  <testcase name="lauchChromeTest" time="2.607" classname="com.webapp.group.BrowserGroupTest"/>
  <system-out/>
  <testcase name="testFacebookHomepage" time="0.017" classname="com.webapp.group.BrowserGroupTest"/>
  <system-out/>
  <testcase name="testHompageSourceUrl" time="0.019" classname="com.webapp.group.BrowserGroupTest"/>
  <system-out/>
  <testcase name="testForFaiure" time="19.337" classname="com.webapp.group.BrowserGroupTest"/>
  <system-out/>
  <testcase name="closedFirefox" time="0.854" classname="com.webapp.group.BrowserGroupTest"/>
  <system-out/>
  <testcase name="closedChrome" time="0.130" classname="com.webapp.group.BrowserGroupTest"/>
  <system-out/>
</testsuite> <!-- com.webapp.group.BrowserGroupTest -->
