<?xml version="1.0" encoding="UTF-8"?>
<!-- Generated by org.testng.reporters.JUnitReportReporter -->
<testsuite skipped="0" hostname="ip-172-31-32-197" name="com.webapp.amazon.AmazonHomepageTest" tests="2" failures="0" timestamp="2021-10-30T17:03:13 UTC" time="7.542" errors="0">
  <testcase name="testHompageSourceUrl" time="3.320" classname="com.webapp.amazon.AmazonHomepageTest"/>
  <system-out/>
  <testcase name="testHompageTitle" time="4.222" classname="com.webapp.amazon.AmazonHomepageTest"/>
  <system-out/>
</testsuite> <!-- com.webapp.amazon.AmazonHomepageTest -->
