<?xml version="1.0" encoding="UTF-8"?>
<!-- Generated by org.testng.reporters.JUnitReportReporter -->
<testsuite skipped="0" hostname="ip-172-31-32-197" name="com.webapp.amazon.AmazonHomepageTest" tests="2" failures="0" timestamp="2021-10-30T15:24:11 UTC" time="7.979" errors="0">
  <testcase name="testHompageSourceUrl" time="4.765" classname="com.webapp.amazon.AmazonHomepageTest"/>
  <system-out/>
  <testcase name="testHompageTitle" time="3.214" classname="com.webapp.amazon.AmazonHomepageTest"/>
  <system-out/>
</testsuite> <!-- com.webapp.amazon.AmazonHomepageTest -->
